<?xml version="1.0" encoding="UTF-8"?>
<testng-results ignored="0" total="2" passed="2" failed="0" skipped="0">
  <reporter-output>
  </reporter-output>
  <suite started-at="2022-02-19T15:28:42 IST" name="Suite" finished-at="2022-02-19T15:28:42 IST" duration-ms="79">
    <groups>
    </groups>
    <test started-at="2022-02-19T15:28:42 IST" name="Test" finished-at="2022-02-19T15:28:42 IST" duration-ms="79">
      <class name="mavenproject.Mavenjava.seleniumtest">
        <test-method signature="test()[pri:0, instance:mavenproject.Mavenjava.seleniumtest@49912c99]" started-at="2022-02-19T15:28:42 IST" name="test" finished-at="2022-02-19T15:28:42 IST" duration-ms="16" status="PASS">
          <reporter-output>
          </reporter-output>
        </test-method> <!-- test -->
        <test-method signature="ui()[pri:0, instance:mavenproject.Mavenjava.seleniumtest@49912c99]" started-at="2022-02-19T15:28:42 IST" name="ui" finished-at="2022-02-19T15:28:42 IST" duration-ms="0" status="PASS">
          <reporter-output>
          </reporter-output>
        </test-method> <!-- ui -->
      </class> <!-- mavenproject.Mavenjava.seleniumtest -->
    </test> <!-- Test -->
  </suite> <!-- Suite -->
</testng-results>
