<?xml version="1.0" encoding="UTF-8"?>
<testng-results skipped="0" failed="0" ignored="0" total="2" passed="2">
  <reporter-output>
  </reporter-output>
  <suite name="Suite" duration-ms="53" started-at="2022-02-19T10:29:19Z" finished-at="2022-02-19T10:29:19Z">
    <groups>
    </groups>
    <test name="Test" duration-ms="53" started-at="2022-02-19T10:29:19Z" finished-at="2022-02-19T10:29:19Z">
      <class name="mavenproject.Mavenjava.Testselenium">
        <test-method status="PASS" signature="Test()[pri:0, instance:mavenproject.Mavenjava.Testselenium@31ef45e3]" name="Test" duration-ms="17" started-at="2022-02-19T15:59:19Z" finished-at="2022-02-19T15:59:19Z">
          <reporter-output>
          </reporter-output>
        </test-method> <!-- Test -->
        <test-method status="PASS" signature="Ui()[pri:0, instance:mavenproject.Mavenjava.Testselenium@31ef45e3]" name="Ui" duration-ms="2" started-at="2022-02-19T15:59:19Z" finished-at="2022-02-19T15:59:19Z">
          <reporter-output>
          </reporter-output>
        </test-method> <!-- Ui -->
      </class> <!-- mavenproject.Mavenjava.Testselenium -->
    </test> <!-- Test -->
  </suite> <!-- Suite -->
</testng-results>
